<?xml version="1.0" encoding="UTF-8"?>
<!-- Generated by org.testng.reporters.JUnitXMLReporter -->
<testsuite hostname="LAPTOP-0JF24479" ignored="3" tests="0" failures="0" timestamp="14 Sep 2018 21:26:36 GMT" time="0.016" errors="0">
  <testcase name="clickOnContactsTest" time="0.0" classname="com.crm.qa.tests.HomePageTest">
    <ignored/>
  </testcase> <!-- clickOnContactsTest -->
  <testcase name="verifyUsernameTest" time="0.0" classname="com.crm.qa.tests.HomePageTest">
    <ignored/>
  </testcase> <!-- verifyUsernameTest -->
  <testcase name="verifyHomePageTitleTest" time="0.0" classname="com.crm.qa.tests.HomePageTest">
    <ignored/>
  </testcase> <!-- verifyHomePageTitleTest -->
</testsuite>
