<?xml version="1.0" encoding="UTF-8"?>
<!-- Generated by org.testng.reporters.JUnitXMLReporter -->
<testsuite hostname="LAPTOP-0JF24479" ignored="0" name="Default test" tests="3" failures="0" timestamp="14 Sep 2018 19:56:07 GMT" time="34.785" errors="0">
  <testcase name="verifyHomePageTitleTest" time="0.024" classname="com.crm.qa.tests.HomePageTest"/>
  <testcase name="verifyUsernameTest" time="0.104" classname="com.crm.qa.tests.HomePageTest"/>
  <testcase name="clickOnContactsTest" time="0.185" classname="com.crm.qa.tests.HomePageTest"/>
</testsuite> <!-- Default test -->
