<?xml version="1.0" encoding="UTF-8"?>
<!-- Generated by org.testng.reporters.JUnitXMLReporter -->
<testsuite hostname="LAPTOP-0JF24479" ignored="0" name="Command line test" tests="8" failures="0" timestamp="24 Apr 2018 04:15:40 GMT" time="124.036" errors="0">
  <testcase name="verifyContactsLabelTest" time="0.5" classname="com.crm.qa.tests.ContactsPageTest"/>
  <testcase name="verifyHomePageTitleTest" time="0.012" classname="com.crm.qa.tests.HomePageTest"/>
  <testcase name="loginPageTitleTest" time="0.049" classname="com.crm.qa.tests.LoginPageTest"/>
  <testcase name="selectSingleContactTest" time="0.739" classname="com.crm.qa.tests.ContactsPageTest"/>
  <testcase name="verifyUsernameTest" time="0.222" classname="com.crm.qa.tests.HomePageTest"/>
  <testcase name="crmLogoTest" time="0.126" classname="com.crm.qa.tests.LoginPageTest"/>
  <testcase name="clickOnContactsTest" time="0.334" classname="com.crm.qa.tests.HomePageTest"/>
  <testcase name="loginTest" time="8.27" classname="com.crm.qa.tests.LoginPageTest"/>
</testsuite> <!-- Command line test -->
