<?xml version="1.0" encoding="UTF-8"?>
<!-- Generated by org.testng.reporters.JUnitXMLReporter -->
<testsuite hostname="LAPTOP-0JF24479" ignored="0" name="Test" tests="8" failures="0" timestamp="31 Aug 2018 22:24:20 GMT" time="111.028" errors="0">
  <testcase name="loginPageTitleTest" time="0.048" classname="com.crm.qa.tests.LoginPageTest"/>
  <testcase name="verifyHomePageTitleTest" time="0.008" classname="com.crm.qa.tests.HomePageTest"/>
  <testcase name="verifyContactsLabelTest" time="0.768" classname="com.crm.qa.tests.ContactsPageTest"/>
  <testcase name="crmLogoTest" time="0.09" classname="com.crm.qa.tests.LoginPageTest"/>
  <testcase name="verifyUsernameTest" time="0.099" classname="com.crm.qa.tests.HomePageTest"/>
  <testcase name="selectSingleContactTest" time="4.292" classname="com.crm.qa.tests.ContactsPageTest"/>
  <testcase name="loginTest" time="8.564" classname="com.crm.qa.tests.LoginPageTest"/>
  <testcase name="clickOnContactsTest" time="0.182" classname="com.crm.qa.tests.HomePageTest"/>
</testsuite> <!-- Test -->
