<?xml version="1.0" encoding="UTF-8"?>
<testng-results skipped="0" failed="0" ignored="3" total="3" passed="0">
  <reporter-output>
  </reporter-output>
  <suite name="com.crm.qa.tests.HomePageTest" duration-ms="16" started-at="2018-09-14T21:26:35Z" finished-at="2018-09-14T21:26:35Z">
    <groups>
    </groups>
    <test name="Command line test" duration-ms="16" started-at="2018-09-14T21:26:35Z" finished-at="2018-09-14T21:26:35Z">
    </test> <!-- Command line test -->
  </suite> <!-- com.crm.qa.tests.HomePageTest -->
</testng-results>
