<?xml version="1.0" encoding="UTF-8"?>
<testng-results skipped="0" failed="0" ignored="0" total="8" passed="8">
  <reporter-output>
  </reporter-output>
  <suite name="Command line suite" duration-ms="124036" started-at="2018-04-24T04:13:36Z" finished-at="2018-04-24T04:15:40Z">
    <groups>
    </groups>
    <test name="Command line test" duration-ms="124036" started-at="2018-04-24T04:13:36Z" finished-at="2018-04-24T04:15:40Z">
      <class name="com.crm.qa.tests.LoginPageTest">
        <test-method status="PASS" signature="setUp()[pri:0, instance:com.crm.qa.tests.LoginPageTest@5315b42e]" name="setUp" is-config="true" duration-ms="6968" started-at="2018-04-24T04:14:15Z" finished-at="2018-04-24T04:14:22Z">
          <reporter-output>
          </reporter-output>
        </test-method> <!-- setUp -->
        <test-method status="PASS" signature="loginPageTitleTest()[pri:1, instance:com.crm.qa.tests.LoginPageTest@5315b42e]" name="loginPageTitleTest" duration-ms="49" started-at="2018-04-24T04:14:22Z" finished-at="2018-04-24T04:14:22Z">
          <reporter-output>
          </reporter-output>
        </test-method> <!-- loginPageTitleTest -->
        <test-method status="PASS" signature="teardown()[pri:0, instance:com.crm.qa.tests.LoginPageTest@5315b42e]" name="teardown" is-config="true" duration-ms="760" started-at="2018-04-24T04:14:22Z" finished-at="2018-04-24T04:14:23Z">
          <reporter-output>
          </reporter-output>
        </test-method> <!-- teardown -->
        <test-method status="PASS" signature="setUp()[pri:0, instance:com.crm.qa.tests.LoginPageTest@5315b42e]" name="setUp" is-config="true" duration-ms="7570" started-at="2018-04-24T04:14:58Z" finished-at="2018-04-24T04:15:06Z">
          <reporter-output>
          </reporter-output>
        </test-method> <!-- setUp -->
        <test-method status="PASS" signature="crmLogoTest()[pri:2, instance:com.crm.qa.tests.LoginPageTest@5315b42e]" name="crmLogoTest" duration-ms="126" started-at="2018-04-24T04:15:06Z" finished-at="2018-04-24T04:15:06Z">
          <reporter-output>
          </reporter-output>
        </test-method> <!-- crmLogoTest -->
        <test-method status="PASS" signature="teardown()[pri:0, instance:com.crm.qa.tests.LoginPageTest@5315b42e]" name="teardown" is-config="true" duration-ms="744" started-at="2018-04-24T04:15:06Z" finished-at="2018-04-24T04:15:07Z">
          <reporter-output>
          </reporter-output>
        </test-method> <!-- teardown -->
        <test-method status="PASS" signature="setUp()[pri:0, instance:com.crm.qa.tests.LoginPageTest@5315b42e]" name="setUp" is-config="true" duration-ms="7001" started-at="2018-04-24T04:15:24Z" finished-at="2018-04-24T04:15:31Z">
          <reporter-output>
          </reporter-output>
        </test-method> <!-- setUp -->
        <test-method status="PASS" signature="loginTest()[pri:3, instance:com.crm.qa.tests.LoginPageTest@5315b42e]" name="loginTest" duration-ms="8270" started-at="2018-04-24T04:15:31Z" finished-at="2018-04-24T04:15:39Z">
          <reporter-output>
          </reporter-output>
        </test-method> <!-- loginTest -->
        <test-method status="PASS" signature="teardown()[pri:0, instance:com.crm.qa.tests.LoginPageTest@5315b42e]" name="teardown" is-config="true" duration-ms="823" started-at="2018-04-24T04:15:39Z" finished-at="2018-04-24T04:15:40Z">
          <reporter-output>
          </reporter-output>
        </test-method> <!-- teardown -->
      </class> <!-- com.crm.qa.tests.LoginPageTest -->
      <class name="com.crm.qa.tests.HomePageTest">
        <test-method status="PASS" signature="setup()[pri:0, instance:com.crm.qa.tests.HomePageTest@62043840]" name="setup" is-config="true" duration-ms="15875" started-at="2018-04-24T04:13:58Z" finished-at="2018-04-24T04:14:14Z">
          <reporter-output>
          </reporter-output>
        </test-method> <!-- setup -->
        <test-method status="PASS" signature="verifyHomePageTitleTest()[pri:1, instance:com.crm.qa.tests.HomePageTest@62043840]" name="verifyHomePageTitleTest" duration-ms="12" started-at="2018-04-24T04:14:14Z" finished-at="2018-04-24T04:14:14Z">
          <reporter-output>
          </reporter-output>
        </test-method> <!-- verifyHomePageTitleTest -->
        <test-method status="PASS" signature="teardown()[pri:0, instance:com.crm.qa.tests.HomePageTest@62043840]" name="teardown" is-config="true" duration-ms="797" started-at="2018-04-24T04:14:14Z" finished-at="2018-04-24T04:14:15Z">
          <reporter-output>
          </reporter-output>
        </test-method> <!-- teardown -->
        <test-method status="PASS" signature="setup()[pri:0, instance:com.crm.qa.tests.HomePageTest@62043840]" name="setup" is-config="true" duration-ms="15598" started-at="2018-04-24T04:14:42Z" finished-at="2018-04-24T04:14:57Z">
          <reporter-output>
          </reporter-output>
        </test-method> <!-- setup -->
        <test-method status="PASS" signature="verifyUsernameTest()[pri:2, instance:com.crm.qa.tests.HomePageTest@62043840]" name="verifyUsernameTest" duration-ms="222" started-at="2018-04-24T04:14:57Z" finished-at="2018-04-24T04:14:58Z">
          <reporter-output>
          </reporter-output>
        </test-method> <!-- verifyUsernameTest -->
        <test-method status="PASS" signature="teardown()[pri:0, instance:com.crm.qa.tests.HomePageTest@62043840]" name="teardown" is-config="true" duration-ms="801" started-at="2018-04-24T04:14:58Z" finished-at="2018-04-24T04:14:58Z">
          <reporter-output>
          </reporter-output>
        </test-method> <!-- teardown -->
        <test-method status="PASS" signature="setup()[pri:0, instance:com.crm.qa.tests.HomePageTest@62043840]" name="setup" is-config="true" duration-ms="15676" started-at="2018-04-24T04:15:07Z" finished-at="2018-04-24T04:15:22Z">
          <reporter-output>
          </reporter-output>
        </test-method> <!-- setup -->
        <test-method status="PASS" signature="clickOnContactsTest()[pri:3, instance:com.crm.qa.tests.HomePageTest@62043840]" name="clickOnContactsTest" duration-ms="334" started-at="2018-04-24T04:15:22Z" finished-at="2018-04-24T04:15:23Z">
          <reporter-output>
          </reporter-output>
        </test-method> <!-- clickOnContactsTest -->
        <test-method status="PASS" signature="teardown()[pri:0, instance:com.crm.qa.tests.HomePageTest@62043840]" name="teardown" is-config="true" duration-ms="799" started-at="2018-04-24T04:15:23Z" finished-at="2018-04-24T04:15:24Z">
          <reporter-output>
          </reporter-output>
        </test-method> <!-- teardown -->
      </class> <!-- com.crm.qa.tests.HomePageTest -->
      <class name="com.crm.qa.tests.ContactsPageTest">
        <test-method status="PASS" signature="setUP()[pri:0, instance:com.crm.qa.tests.ContactsPageTest@246ae04d]" name="setUP" is-config="true" duration-ms="21456" started-at="2018-04-24T04:13:36Z" finished-at="2018-04-24T04:13:57Z">
          <reporter-output>
          </reporter-output>
        </test-method> <!-- setUP -->
        <test-method status="PASS" signature="verifyContactsLabelTest()[pri:1, instance:com.crm.qa.tests.ContactsPageTest@246ae04d]" name="verifyContactsLabelTest" duration-ms="500" started-at="2018-04-24T04:13:57Z" finished-at="2018-04-24T04:13:58Z">
          <reporter-output>
          </reporter-output>
        </test-method> <!-- verifyContactsLabelTest -->
        <test-method status="PASS" signature="tearDown()[pri:0, instance:com.crm.qa.tests.ContactsPageTest@246ae04d]" name="tearDown" is-config="true" duration-ms="797" started-at="2018-04-24T04:13:58Z" finished-at="2018-04-24T04:13:58Z">
          <reporter-output>
          </reporter-output>
        </test-method> <!-- tearDown -->
        <test-method status="PASS" signature="setUP()[pri:0, instance:com.crm.qa.tests.ContactsPageTest@246ae04d]" name="setUP" is-config="true" duration-ms="17272" started-at="2018-04-24T04:14:23Z" finished-at="2018-04-24T04:14:40Z">
          <reporter-output>
          </reporter-output>
        </test-method> <!-- setUP -->
        <test-method status="PASS" signature="selectSingleContactTest()[pri:2, instance:com.crm.qa.tests.ContactsPageTest@246ae04d]" name="selectSingleContactTest" duration-ms="739" started-at="2018-04-24T04:14:40Z" finished-at="2018-04-24T04:14:41Z">
          <reporter-output>
          </reporter-output>
        </test-method> <!-- selectSingleContactTest -->
        <test-method status="PASS" signature="tearDown()[pri:0, instance:com.crm.qa.tests.ContactsPageTest@246ae04d]" name="tearDown" is-config="true" duration-ms="796" started-at="2018-04-24T04:14:41Z" finished-at="2018-04-24T04:14:42Z">
          <reporter-output>
          </reporter-output>
        </test-method> <!-- tearDown -->
      </class> <!-- com.crm.qa.tests.ContactsPageTest -->
    </test> <!-- Command line test -->
  </suite> <!-- Command line suite -->
</testng-results>
