<?xml version="1.0" encoding="UTF-8"?>
<testng-results skipped="0" failed="0" ignored="0" total="3" passed="3">
  <reporter-output>
  </reporter-output>
  <suite name="Default suite" duration-ms="34785" started-at="2018-09-14T19:55:32Z" finished-at="2018-09-14T19:56:07Z">
    <groups>
    </groups>
    <test name="Default test" duration-ms="34785" started-at="2018-09-14T19:55:32Z" finished-at="2018-09-14T19:56:07Z">
      <class name="com.crm.qa.tests.HomePageTest">
        <test-method status="PASS" signature="setup()[pri:0, instance:com.crm.qa.tests.HomePageTest@5e3a8624]" name="setup" is-config="true" duration-ms="13561" started-at="2018-09-14T19:55:32Z" finished-at="2018-09-14T19:55:46Z">
          <reporter-output>
          </reporter-output>
        </test-method> <!-- setup -->
        <test-method status="PASS" signature="verifyHomePageTitleTest()[pri:1, instance:com.crm.qa.tests.HomePageTest@5e3a8624]" name="verifyHomePageTitleTest" duration-ms="24" started-at="2018-09-14T19:55:46Z" finished-at="2018-09-14T19:55:46Z">
          <reporter-output>
          </reporter-output>
        </test-method> <!-- verifyHomePageTitleTest -->
        <test-method status="PASS" signature="teardown()[pri:0, instance:com.crm.qa.tests.HomePageTest@5e3a8624]" name="teardown" is-config="true" duration-ms="832" started-at="2018-09-14T19:55:46Z" finished-at="2018-09-14T19:55:46Z">
          <reporter-output>
          </reporter-output>
        </test-method> <!-- teardown -->
        <test-method status="PASS" signature="setup()[pri:0, instance:com.crm.qa.tests.HomePageTest@5e3a8624]" name="setup" is-config="true" duration-ms="9267" started-at="2018-09-14T19:55:46Z" finished-at="2018-09-14T19:55:56Z">
          <reporter-output>
          </reporter-output>
        </test-method> <!-- setup -->
        <test-method status="PASS" signature="verifyUsernameTest()[pri:2, instance:com.crm.qa.tests.HomePageTest@5e3a8624]" name="verifyUsernameTest" duration-ms="104" started-at="2018-09-14T19:55:56Z" finished-at="2018-09-14T19:55:56Z">
          <reporter-output>
          </reporter-output>
        </test-method> <!-- verifyUsernameTest -->
        <test-method status="PASS" signature="teardown()[pri:0, instance:com.crm.qa.tests.HomePageTest@5e3a8624]" name="teardown" is-config="true" duration-ms="808" started-at="2018-09-14T19:55:56Z" finished-at="2018-09-14T19:55:57Z">
          <reporter-output>
          </reporter-output>
        </test-method> <!-- teardown -->
        <test-method status="PASS" signature="setup()[pri:0, instance:com.crm.qa.tests.HomePageTest@5e3a8624]" name="setup" is-config="true" duration-ms="9147" started-at="2018-09-14T19:55:57Z" finished-at="2018-09-14T19:56:06Z">
          <reporter-output>
          </reporter-output>
        </test-method> <!-- setup -->
        <test-method status="PASS" signature="clickOnContactsTest()[pri:3, instance:com.crm.qa.tests.HomePageTest@5e3a8624]" name="clickOnContactsTest" duration-ms="185" started-at="2018-09-14T19:56:06Z" finished-at="2018-09-14T19:56:06Z">
          <reporter-output>
          </reporter-output>
        </test-method> <!-- clickOnContactsTest -->
        <test-method status="PASS" signature="teardown()[pri:0, instance:com.crm.qa.tests.HomePageTest@5e3a8624]" name="teardown" is-config="true" duration-ms="814" started-at="2018-09-14T19:56:06Z" finished-at="2018-09-14T19:56:07Z">
          <reporter-output>
          </reporter-output>
        </test-method> <!-- teardown -->
      </class> <!-- com.crm.qa.tests.HomePageTest -->
    </test> <!-- Default test -->
  </suite> <!-- Default suite -->
</testng-results>
